[2020-07-30 02:03:04,392] INFO Starting the log cleaner (kafka.log.LogCleaner)
[2020-07-30 02:03:04,557] INFO [kafka-log-cleaner-thread-0]: Starting (kafka.log.LogCleaner)
[2020-07-30 08:24:47,000] INFO Starting the log cleaner (kafka.log.LogCleaner)
[2020-07-30 08:24:47,178] INFO [kafka-log-cleaner-thread-0]: Starting (kafka.log.LogCleaner)
[2020-07-30 18:44:54,386] INFO Starting the log cleaner (kafka.log.LogCleaner)
[2020-07-30 18:44:54,501] INFO [kafka-log-cleaner-thread-0]: Starting (kafka.log.LogCleaner)
[2020-08-01 01:35:52,753] INFO Starting the log cleaner (kafka.log.LogCleaner)
[2020-08-01 01:35:53,089] INFO [kafka-log-cleaner-thread-0]: Starting (kafka.log.LogCleaner)
[2020-08-03 09:27:38,377] INFO Starting the log cleaner (kafka.log.LogCleaner)
[2020-08-03 09:27:38,651] INFO [kafka-log-cleaner-thread-0]: Starting (kafka.log.LogCleaner)
[2020-09-01 09:25:19,394] INFO Starting the log cleaner (kafka.log.LogCleaner)
[2020-09-01 09:25:20,476] INFO [kafka-log-cleaner-thread-0]: Starting (kafka.log.LogCleaner)
[2020-09-01 09:25:37,334] INFO Cleaner 0: Beginning cleaning of log __consumer_offsets-13. (kafka.log.LogCleaner)
[2020-09-01 09:25:37,336] INFO Cleaner 0: Building offset map for __consumer_offsets-13... (kafka.log.LogCleaner)
[2020-09-01 09:25:38,467] INFO Cleaner 0: Building offset map for log __consumer_offsets-13 for 1 segments in offset range [0, 56255). (kafka.log.LogCleaner)
[2020-09-01 09:25:39,428] INFO Cleaner 0: Offset map for log __consumer_offsets-13 complete. (kafka.log.LogCleaner)
[2020-09-01 09:25:39,494] INFO Cleaner 0: Cleaning log __consumer_offsets-13 (cleaning prior to Mon Aug 03 11:32:04 IST 2020, discarding tombstones prior to Thu Jan 01 05:30:00 IST 1970)... (kafka.log.LogCleaner)
[2020-09-01 09:25:39,518] INFO Cleaner 0: Cleaning LogSegment(baseOffset=0, size=6971949, lastModifiedTime=1596434524544, largestTime=1596434524541) in log __consumer_offsets-13 into 0 with deletion horizon 0, retaining deletes. (kafka.log.LogCleaner)
[2020-09-01 09:25:40,032] INFO Cleaner 0: Swapping in cleaned segment LogSegment(baseOffset=0, size=359, lastModifiedTime=1596434524544, largestTime=1596434524541) for segment(s) List(LogSegment(baseOffset=0, size=6971949, lastModifiedTime=1596434524544, largestTime=1596434524541)) in log Log(dir=C:\kafka\kafkakafka-logs\__consumer_offsets-13, topic=__consumer_offsets, partition=13, highWatermark=56256, lastStableOffset=56256, logStartOffset=0, logEndOffset=56256) (kafka.log.LogCleaner)
[2020-09-01 09:25:40,160] INFO Cleaner 0: Beginning cleaning of log __consumer_offsets-13. (kafka.log.LogCleaner)
[2020-09-01 09:25:40,161] INFO Cleaner 0: Building offset map for __consumer_offsets-13... (kafka.log.LogCleaner)
[2020-09-01 09:25:40,370] INFO Cleaner 0: Building offset map for log __consumer_offsets-13 for 1 segments in offset range [0, 56255). (kafka.log.LogCleaner)
[2020-09-01 09:45:48,943] INFO Starting the log cleaner (kafka.log.LogCleaner)
[2020-09-01 09:45:49,769] INFO [kafka-log-cleaner-thread-0]: Starting (kafka.log.LogCleaner)
[2020-09-01 09:45:49,888] INFO Cleaner 0: Beginning cleaning of log __consumer_offsets-13. (kafka.log.LogCleaner)
[2020-09-01 09:45:49,889] INFO Cleaner 0: Building offset map for __consumer_offsets-13... (kafka.log.LogCleaner)
[2020-09-01 09:45:50,198] INFO Cleaner 0: Building offset map for log __consumer_offsets-13 for 1 segments in offset range [0, 56255). (kafka.log.LogCleaner)
[2020-09-01 09:45:51,615] INFO Cleaner 0: Offset map for log __consumer_offsets-13 complete. (kafka.log.LogCleaner)
[2020-09-01 09:45:51,618] INFO Cleaner 0: Cleaning log __consumer_offsets-13 (cleaning prior to Mon Aug 03 11:32:04 IST 2020, discarding tombstones prior to Thu Jan 01 05:30:00 IST 1970)... (kafka.log.LogCleaner)
[2020-09-01 09:45:51,632] INFO Cleaner 0: Cleaning LogSegment(baseOffset=0, size=6971949, lastModifiedTime=1596434524544, largestTime=1596434524541) in log __consumer_offsets-13 into 0 with deletion horizon 0, retaining deletes. (kafka.log.LogCleaner)
[2020-09-01 09:45:52,596] INFO Cleaner 0: Swapping in cleaned segment LogSegment(baseOffset=0, size=359, lastModifiedTime=1596434524544, largestTime=1596434524541) for segment(s) List(LogSegment(baseOffset=0, size=6971949, lastModifiedTime=1596434524544, largestTime=1596434524541)) in log Log(dir=C:\kafka\kafkakafka-logs\__consumer_offsets-13, topic=__consumer_offsets, partition=13, highWatermark=0, lastStableOffset=0, logStartOffset=0, logEndOffset=56256) (kafka.log.LogCleaner)
[2020-09-01 09:46:42,805] INFO Starting the log cleaner (kafka.log.LogCleaner)
[2020-09-01 09:46:43,051] INFO [kafka-log-cleaner-thread-0]: Starting (kafka.log.LogCleaner)
[2020-09-01 09:46:43,136] INFO Cleaner 0: Beginning cleaning of log __consumer_offsets-13. (kafka.log.LogCleaner)
[2020-09-01 09:46:43,138] INFO Cleaner 0: Building offset map for __consumer_offsets-13... (kafka.log.LogCleaner)
[2020-09-01 09:46:43,258] INFO Cleaner 0: Building offset map for log __consumer_offsets-13 for 1 segments in offset range [0, 56255). (kafka.log.LogCleaner)
[2020-09-01 09:46:44,228] INFO Cleaner 0: Offset map for log __consumer_offsets-13 complete. (kafka.log.LogCleaner)
[2020-09-01 09:46:44,238] INFO Cleaner 0: Cleaning log __consumer_offsets-13 (cleaning prior to Mon Aug 03 11:32:04 IST 2020, discarding tombstones prior to Thu Jan 01 05:30:00 IST 1970)... (kafka.log.LogCleaner)
[2020-09-01 09:46:44,247] INFO Cleaner 0: Cleaning LogSegment(baseOffset=0, size=6971949, lastModifiedTime=1596434524544, largestTime=1596434524541) in log __consumer_offsets-13 into 0 with deletion horizon 0, retaining deletes. (kafka.log.LogCleaner)
[2020-09-01 09:46:46,061] INFO Cleaner 0: Swapping in cleaned segment LogSegment(baseOffset=0, size=359, lastModifiedTime=1596434524544, largestTime=1596434524541) for segment(s) List(LogSegment(baseOffset=0, size=6971949, lastModifiedTime=1596434524544, largestTime=1596434524541)) in log Log(dir=C:\kafka\kafkakafka-logs\__consumer_offsets-13, topic=__consumer_offsets, partition=13, highWatermark=0, lastStableOffset=0, logStartOffset=0, logEndOffset=56256) (kafka.log.LogCleaner)
[2020-09-01 09:49:30,858] INFO Starting the log cleaner (kafka.log.LogCleaner)
[2020-09-01 09:49:31,141] INFO [kafka-log-cleaner-thread-0]: Starting (kafka.log.LogCleaner)
[2020-09-01 09:49:31,213] INFO Cleaner 0: Beginning cleaning of log __consumer_offsets-13. (kafka.log.LogCleaner)
[2020-09-01 09:49:31,214] INFO Cleaner 0: Building offset map for __consumer_offsets-13... (kafka.log.LogCleaner)
[2020-09-01 09:49:31,329] INFO Cleaner 0: Building offset map for log __consumer_offsets-13 for 1 segments in offset range [0, 56255). (kafka.log.LogCleaner)
[2020-09-01 09:49:32,800] INFO Cleaner 0: Offset map for log __consumer_offsets-13 complete. (kafka.log.LogCleaner)
[2020-09-01 09:49:32,805] INFO Cleaner 0: Cleaning log __consumer_offsets-13 (cleaning prior to Mon Aug 03 11:32:04 IST 2020, discarding tombstones prior to Thu Jan 01 05:30:00 IST 1970)... (kafka.log.LogCleaner)
[2020-09-01 09:49:32,964] INFO Cleaner 0: Cleaning LogSegment(baseOffset=0, size=6971949, lastModifiedTime=1596434524544, largestTime=1596434524541) in log __consumer_offsets-13 into 0 with deletion horizon 0, retaining deletes. (kafka.log.LogCleaner)
[2020-09-01 09:49:33,935] INFO Cleaner 0: Swapping in cleaned segment LogSegment(baseOffset=0, size=359, lastModifiedTime=1596434524544, largestTime=1596434524541) for segment(s) List(LogSegment(baseOffset=0, size=6971949, lastModifiedTime=1596434524544, largestTime=1596434524541)) in log Log(dir=C:\kafka\kafkakafka-logs\__consumer_offsets-13, topic=__consumer_offsets, partition=13, highWatermark=0, lastStableOffset=0, logStartOffset=0, logEndOffset=56256) (kafka.log.LogCleaner)
[2020-09-01 09:49:34,018] INFO Cleaner 0: Beginning cleaning of log __consumer_offsets-13. (kafka.log.LogCleaner)
[2020-09-01 09:49:34,018] INFO Cleaner 0: Building offset map for __consumer_offsets-13... (kafka.log.LogCleaner)
[2020-09-01 09:49:34,114] INFO Cleaner 0: Building offset map for log __consumer_offsets-13 for 1 segments in offset range [0, 56255). (kafka.log.LogCleaner)
[2020-09-01 09:49:34,731] INFO Cleaner 0: Offset map for log __consumer_offsets-13 complete. (kafka.log.LogCleaner)
[2020-09-01 09:49:34,732] INFO Cleaner 0: Cleaning log __consumer_offsets-13 (cleaning prior to Mon Aug 03 11:32:04 IST 2020, discarding tombstones prior to Thu Jan 01 05:30:00 IST 1970)... (kafka.log.LogCleaner)
[2020-09-01 09:49:34,907] INFO Cleaner 0: Beginning cleaning of log __consumer_offsets-13. (kafka.log.LogCleaner)
[2020-09-01 09:49:34,907] INFO Cleaner 0: Building offset map for __consumer_offsets-13... (kafka.log.LogCleaner)
[2020-09-01 09:54:37,858] INFO Starting the log cleaner (kafka.log.LogCleaner)
[2020-09-01 09:54:38,284] INFO [kafka-log-cleaner-thread-0]: Starting (kafka.log.LogCleaner)
[2020-09-01 09:54:38,412] INFO Cleaner 0: Beginning cleaning of log __consumer_offsets-13. (kafka.log.LogCleaner)
[2020-09-01 09:54:38,413] INFO Cleaner 0: Building offset map for __consumer_offsets-13... (kafka.log.LogCleaner)
[2020-09-01 09:54:38,699] INFO Cleaner 0: Building offset map for log __consumer_offsets-13 for 1 segments in offset range [0, 56255). (kafka.log.LogCleaner)
[2020-09-01 09:54:40,369] INFO Cleaner 0: Offset map for log __consumer_offsets-13 complete. (kafka.log.LogCleaner)
[2020-09-01 09:54:40,372] INFO Cleaner 0: Cleaning log __consumer_offsets-13 (cleaning prior to Mon Aug 03 11:32:04 IST 2020, discarding tombstones prior to Thu Jan 01 05:30:00 IST 1970)... (kafka.log.LogCleaner)
[2020-09-01 09:54:40,445] INFO Cleaner 0: Cleaning LogSegment(baseOffset=0, size=6971949, lastModifiedTime=1596434524544, largestTime=1596434524541) in log __consumer_offsets-13 into 0 with deletion horizon 0, retaining deletes. (kafka.log.LogCleaner)
[2020-09-01 09:54:41,744] INFO Cleaner 0: Swapping in cleaned segment LogSegment(baseOffset=0, size=359, lastModifiedTime=1596434524544, largestTime=1596434524541) for segment(s) List(LogSegment(baseOffset=0, size=6971949, lastModifiedTime=1596434524544, largestTime=1596434524541)) in log Log(dir=C:\kafka\kafkakafka-logs\__consumer_offsets-13, topic=__consumer_offsets, partition=13, highWatermark=0, lastStableOffset=0, logStartOffset=0, logEndOffset=56256) (kafka.log.LogCleaner)
[2020-09-01 09:58:56,375] INFO Starting the log cleaner (kafka.log.LogCleaner)
[2020-09-01 09:58:56,585] INFO [kafka-log-cleaner-thread-0]: Starting (kafka.log.LogCleaner)
[2020-09-01 09:58:56,680] INFO Cleaner 0: Beginning cleaning of log __consumer_offsets-13. (kafka.log.LogCleaner)
[2020-09-01 09:58:56,681] INFO Cleaner 0: Building offset map for __consumer_offsets-13... (kafka.log.LogCleaner)
[2020-09-01 09:58:56,774] INFO Cleaner 0: Building offset map for log __consumer_offsets-13 for 1 segments in offset range [0, 56255). (kafka.log.LogCleaner)
[2020-09-01 09:58:58,309] INFO Cleaner 0: Offset map for log __consumer_offsets-13 complete. (kafka.log.LogCleaner)
[2020-09-01 09:58:58,317] INFO Cleaner 0: Cleaning log __consumer_offsets-13 (cleaning prior to Mon Aug 03 11:32:04 IST 2020, discarding tombstones prior to Thu Jan 01 05:30:00 IST 1970)... (kafka.log.LogCleaner)
[2020-09-01 09:58:58,331] INFO Cleaner 0: Cleaning LogSegment(baseOffset=0, size=6971949, lastModifiedTime=1596434524544, largestTime=1596434524541) in log __consumer_offsets-13 into 0 with deletion horizon 0, retaining deletes. (kafka.log.LogCleaner)
[2020-09-01 09:58:59,192] INFO Cleaner 0: Swapping in cleaned segment LogSegment(baseOffset=0, size=359, lastModifiedTime=1596434524544, largestTime=1596434524541) for segment(s) List(LogSegment(baseOffset=0, size=6971949, lastModifiedTime=1596434524544, largestTime=1596434524541)) in log Log(dir=C:\kafka\kafkakafka-logs\__consumer_offsets-13, topic=__consumer_offsets, partition=13, highWatermark=0, lastStableOffset=0, logStartOffset=0, logEndOffset=56256) (kafka.log.LogCleaner)
[2020-09-01 10:02:14,985] INFO Starting the log cleaner (kafka.log.LogCleaner)
[2020-09-01 10:02:15,274] INFO [kafka-log-cleaner-thread-0]: Starting (kafka.log.LogCleaner)
[2020-09-01 10:02:15,357] INFO Cleaner 0: Beginning cleaning of log __consumer_offsets-13. (kafka.log.LogCleaner)
[2020-09-01 10:02:15,358] INFO Cleaner 0: Building offset map for __consumer_offsets-13... (kafka.log.LogCleaner)
[2020-09-01 10:02:15,463] INFO Cleaner 0: Building offset map for log __consumer_offsets-13 for 1 segments in offset range [0, 56255). (kafka.log.LogCleaner)
[2020-09-01 10:02:16,776] INFO Cleaner 0: Offset map for log __consumer_offsets-13 complete. (kafka.log.LogCleaner)
[2020-09-01 10:02:16,797] INFO Cleaner 0: Cleaning log __consumer_offsets-13 (cleaning prior to Mon Aug 03 11:32:04 IST 2020, discarding tombstones prior to Thu Jan 01 05:30:00 IST 1970)... (kafka.log.LogCleaner)
[2020-09-01 10:02:16,805] INFO Cleaner 0: Cleaning LogSegment(baseOffset=0, size=6971949, lastModifiedTime=1596434524544, largestTime=1596434524541) in log __consumer_offsets-13 into 0 with deletion horizon 0, retaining deletes. (kafka.log.LogCleaner)
[2020-09-01 10:02:18,311] INFO Cleaner 0: Swapping in cleaned segment LogSegment(baseOffset=0, size=359, lastModifiedTime=1596434524544, largestTime=1596434524541) for segment(s) List(LogSegment(baseOffset=0, size=6971949, lastModifiedTime=1596434524544, largestTime=1596434524541)) in log Log(dir=C:\kafka\kafkakafka-logs\__consumer_offsets-13, topic=__consumer_offsets, partition=13, highWatermark=0, lastStableOffset=0, logStartOffset=0, logEndOffset=56256) (kafka.log.LogCleaner)
[2020-09-01 10:02:18,524] INFO Cleaner 0: Beginning cleaning of log __consumer_offsets-13. (kafka.log.LogCleaner)
[2020-09-01 10:02:18,524] INFO Cleaner 0: Building offset map for __consumer_offsets-13... (kafka.log.LogCleaner)
[2020-09-01 10:02:18,601] INFO Cleaner 0: Building offset map for log __consumer_offsets-13 for 1 segments in offset range [0, 56255). (kafka.log.LogCleaner)
[2020-09-01 10:04:56,225] INFO Starting the log cleaner (kafka.log.LogCleaner)
[2020-09-01 10:04:56,426] INFO [kafka-log-cleaner-thread-0]: Starting (kafka.log.LogCleaner)
[2020-09-01 10:04:56,512] INFO Cleaner 0: Beginning cleaning of log __consumer_offsets-13. (kafka.log.LogCleaner)
[2020-09-01 10:04:56,513] INFO Cleaner 0: Building offset map for __consumer_offsets-13... (kafka.log.LogCleaner)
[2020-09-01 10:04:56,736] INFO Cleaner 0: Building offset map for log __consumer_offsets-13 for 1 segments in offset range [0, 56255). (kafka.log.LogCleaner)
[2020-09-01 10:04:58,059] INFO Cleaner 0: Offset map for log __consumer_offsets-13 complete. (kafka.log.LogCleaner)
[2020-09-01 10:04:58,124] INFO Cleaner 0: Cleaning log __consumer_offsets-13 (cleaning prior to Mon Aug 03 11:32:04 IST 2020, discarding tombstones prior to Thu Jan 01 05:30:00 IST 1970)... (kafka.log.LogCleaner)
[2020-09-01 10:04:58,133] INFO Cleaner 0: Cleaning LogSegment(baseOffset=0, size=6971949, lastModifiedTime=1596434524544, largestTime=1596434524541) in log __consumer_offsets-13 into 0 with deletion horizon 0, retaining deletes. (kafka.log.LogCleaner)
[2020-09-01 10:04:59,051] INFO Cleaner 0: Swapping in cleaned segment LogSegment(baseOffset=0, size=359, lastModifiedTime=1596434524544, largestTime=1596434524541) for segment(s) List(LogSegment(baseOffset=0, size=6971949, lastModifiedTime=1596434524544, largestTime=1596434524541)) in log Log(dir=C:\kafka\kafkakafka-logs\__consumer_offsets-13, topic=__consumer_offsets, partition=13, highWatermark=0, lastStableOffset=0, logStartOffset=0, logEndOffset=56256) (kafka.log.LogCleaner)
[2020-09-01 10:05:37,878] INFO Starting the log cleaner (kafka.log.LogCleaner)
[2020-09-01 10:05:38,003] INFO [kafka-log-cleaner-thread-0]: Starting (kafka.log.LogCleaner)
[2020-09-01 10:05:38,091] INFO Cleaner 0: Beginning cleaning of log __consumer_offsets-13. (kafka.log.LogCleaner)
[2020-09-01 10:05:38,092] INFO Cleaner 0: Building offset map for __consumer_offsets-13... (kafka.log.LogCleaner)
[2020-09-01 10:05:38,191] INFO Cleaner 0: Building offset map for log __consumer_offsets-13 for 1 segments in offset range [0, 56255). (kafka.log.LogCleaner)
[2020-09-01 10:05:39,516] INFO Cleaner 0: Offset map for log __consumer_offsets-13 complete. (kafka.log.LogCleaner)
[2020-09-01 10:05:39,553] INFO Cleaner 0: Cleaning log __consumer_offsets-13 (cleaning prior to Mon Aug 03 11:32:04 IST 2020, discarding tombstones prior to Thu Jan 01 05:30:00 IST 1970)... (kafka.log.LogCleaner)
[2020-09-01 10:05:39,615] INFO Cleaner 0: Cleaning LogSegment(baseOffset=0, size=6971949, lastModifiedTime=1596434524544, largestTime=1596434524541) in log __consumer_offsets-13 into 0 with deletion horizon 0, retaining deletes. (kafka.log.LogCleaner)
[2020-09-01 10:05:40,894] INFO Cleaner 0: Swapping in cleaned segment LogSegment(baseOffset=0, size=359, lastModifiedTime=1596434524544, largestTime=1596434524541) for segment(s) List(LogSegment(baseOffset=0, size=6971949, lastModifiedTime=1596434524544, largestTime=1596434524541)) in log Log(dir=C:\kafka\kafkakafka-logs\__consumer_offsets-13, topic=__consumer_offsets, partition=13, highWatermark=0, lastStableOffset=0, logStartOffset=0, logEndOffset=56256) (kafka.log.LogCleaner)
[2020-09-01 10:05:41,171] INFO Cleaner 0: Beginning cleaning of log __consumer_offsets-13. (kafka.log.LogCleaner)
[2020-09-01 10:05:41,171] INFO Cleaner 0: Building offset map for __consumer_offsets-13... (kafka.log.LogCleaner)
[2020-09-01 10:05:41,246] INFO Cleaner 0: Building offset map for log __consumer_offsets-13 for 1 segments in offset range [0, 56255). (kafka.log.LogCleaner)
[2020-09-01 10:29:36,875] INFO Starting the log cleaner (kafka.log.LogCleaner)
[2020-09-01 10:29:37,304] INFO [kafka-log-cleaner-thread-0]: Starting (kafka.log.LogCleaner)
[2020-09-01 10:29:37,400] INFO Cleaner 0: Beginning cleaning of log __consumer_offsets-13. (kafka.log.LogCleaner)
[2020-09-01 10:29:37,401] INFO Cleaner 0: Building offset map for __consumer_offsets-13... (kafka.log.LogCleaner)
[2020-09-01 10:29:37,503] INFO Cleaner 0: Building offset map for log __consumer_offsets-13 for 1 segments in offset range [0, 56255). (kafka.log.LogCleaner)
[2020-09-01 10:29:39,273] INFO Cleaner 0: Offset map for log __consumer_offsets-13 complete. (kafka.log.LogCleaner)
[2020-09-01 10:29:39,278] INFO Cleaner 0: Cleaning log __consumer_offsets-13 (cleaning prior to Mon Aug 03 11:32:04 IST 2020, discarding tombstones prior to Thu Jan 01 05:30:00 IST 1970)... (kafka.log.LogCleaner)
[2020-09-01 10:29:39,287] INFO Cleaner 0: Cleaning LogSegment(baseOffset=0, size=6971949, lastModifiedTime=1596434524544, largestTime=1596434524541) in log __consumer_offsets-13 into 0 with deletion horizon 0, retaining deletes. (kafka.log.LogCleaner)
[2020-09-01 10:29:40,122] INFO Cleaner 0: Swapping in cleaned segment LogSegment(baseOffset=0, size=359, lastModifiedTime=1596434524544, largestTime=1596434524541) for segment(s) List(LogSegment(baseOffset=0, size=6971949, lastModifiedTime=1596434524544, largestTime=1596434524541)) in log Log(dir=C:\kafka\kafkakafka-logs\__consumer_offsets-13, topic=__consumer_offsets, partition=13, highWatermark=0, lastStableOffset=0, logStartOffset=0, logEndOffset=56256) (kafka.log.LogCleaner)
[2020-09-01 10:29:40,183] INFO Cleaner 0: Beginning cleaning of log __consumer_offsets-13. (kafka.log.LogCleaner)
[2020-09-01 10:29:40,183] INFO Cleaner 0: Building offset map for __consumer_offsets-13... (kafka.log.LogCleaner)
[2020-09-01 10:29:40,250] INFO Cleaner 0: Building offset map for log __consumer_offsets-13 for 1 segments in offset range [0, 56255). (kafka.log.LogCleaner)
[2020-09-01 10:31:55,942] INFO Starting the log cleaner (kafka.log.LogCleaner)
[2020-09-01 10:31:56,217] INFO [kafka-log-cleaner-thread-0]: Starting (kafka.log.LogCleaner)
[2020-09-01 10:31:56,374] INFO Cleaner 0: Beginning cleaning of log __consumer_offsets-13. (kafka.log.LogCleaner)
[2020-09-01 10:31:56,375] INFO Cleaner 0: Building offset map for __consumer_offsets-13... (kafka.log.LogCleaner)
[2020-09-01 10:31:56,468] INFO Cleaner 0: Building offset map for log __consumer_offsets-13 for 1 segments in offset range [0, 56255). (kafka.log.LogCleaner)
[2020-09-01 10:31:57,906] INFO Cleaner 0: Offset map for log __consumer_offsets-13 complete. (kafka.log.LogCleaner)
[2020-09-01 10:31:57,909] INFO Cleaner 0: Cleaning log __consumer_offsets-13 (cleaning prior to Mon Aug 03 11:32:04 IST 2020, discarding tombstones prior to Thu Jan 01 05:30:00 IST 1970)... (kafka.log.LogCleaner)
[2020-09-01 10:31:57,918] INFO Cleaner 0: Cleaning LogSegment(baseOffset=0, size=6971949, lastModifiedTime=1596434524544, largestTime=1596434524541) in log __consumer_offsets-13 into 0 with deletion horizon 0, retaining deletes. (kafka.log.LogCleaner)
[2020-09-01 10:31:58,943] INFO Cleaner 0: Swapping in cleaned segment LogSegment(baseOffset=0, size=359, lastModifiedTime=1596434524544, largestTime=1596434524541) for segment(s) List(LogSegment(baseOffset=0, size=6971949, lastModifiedTime=1596434524544, largestTime=1596434524541)) in log Log(dir=C:\kafka\kafkakafka-logs\__consumer_offsets-13, topic=__consumer_offsets, partition=13, highWatermark=0, lastStableOffset=0, logStartOffset=0, logEndOffset=56256) (kafka.log.LogCleaner)
[2020-09-01 10:31:59,007] INFO Cleaner 0: Beginning cleaning of log __consumer_offsets-13. (kafka.log.LogCleaner)
[2020-09-01 10:31:59,007] INFO Cleaner 0: Building offset map for __consumer_offsets-13... (kafka.log.LogCleaner)
[2020-09-01 10:35:44,284] INFO Starting the log cleaner (kafka.log.LogCleaner)
[2020-09-01 10:35:44,593] INFO [kafka-log-cleaner-thread-0]: Starting (kafka.log.LogCleaner)
