[2020-09-01 11:01:01,624] INFO Expiring session 0x1002c8406e00000, timeout of 18000ms exceeded (org.apache.zookeeper.server.ZooKeeperServer)
[2020-09-01 11:01:01,895] WARN Client session timed out, have not heard from server in 189923ms for sessionid 0x1002c8406e00000 (org.apache.zookeeper.ClientCnxn)
[2020-09-01 11:01:03,560] INFO Client session timed out, have not heard from server in 189923ms for sessionid 0x1002c8406e00000, closing socket connection and attempting reconnect (org.apache.zookeeper.ClientCnxn)
[2020-09-01 11:01:03,314] INFO [GroupCoordinator 0]: Member consumer-console-consumer-9820-1-e0ce572f-828f-492f-b97b-5a3045f76497 in group console-consumer-9820 has failed, removing it from the group (kafka.coordinator.group.GroupCoordinator)
[2020-09-01 11:01:05,234] INFO [GroupCoordinator 0]: Preparing to rebalance group console-consumer-9820 in state PreparingRebalance with old generation 1 (__consumer_offsets-18) (reason: removing member consumer-console-consumer-9820-1-e0ce572f-828f-492f-b97b-5a3045f76497 on heartbeat expiration) (kafka.coordinator.group.GroupCoordinator)
[2020-09-01 11:01:05,500] INFO [GroupCoordinator 0]: Group console-consumer-9820 with generation 2 is now empty (__consumer_offsets-18) (kafka.coordinator.group.GroupCoordinator)
[2020-09-01 11:01:06,264] INFO [GroupCoordinator 0]: Preparing to rebalance group console-consumer-9820 in state PreparingRebalance with old generation 2 (__consumer_offsets-18) (reason: Adding new member consumer-console-consumer-9820-1-e72b8a91-2d2a-4992-8f8a-6c7d7a2ec696 with group instance id None) (kafka.coordinator.group.GroupCoordinator)
[2020-09-01 11:01:06,643] INFO [GroupCoordinator 0]: Stabilized group console-consumer-9820 generation 3 (__consumer_offsets-18) (kafka.coordinator.group.GroupCoordinator)
[2020-09-01 11:01:07,190] INFO [GroupCoordinator 0]: Assignment received from leader for group console-consumer-9820 for generation 3 (kafka.coordinator.group.GroupCoordinator)
[2020-09-01 11:01:07,450] INFO Opening socket connection to server localhost/[0:0:0:0:0:0:0:1]:2181. Will not attempt to authenticate using SASL (unknown error) (org.apache.zookeeper.ClientCnxn)
[2020-09-01 11:01:07,929] INFO Socket connection established, initiating session, client: /[0:0:0:0:0:0:0:1]:65519, server: localhost/[0:0:0:0:0:0:0:1]:2181 (org.apache.zookeeper.ClientCnxn)
[2020-09-01 11:01:08,699] INFO Invalid session 0x1002c8406e00000 for client /[0:0:0:0:0:0:0:1]:65519, probably expired (org.apache.zookeeper.server.ZooKeeperServer)
[2020-09-01 11:01:08,761] WARN Unable to reconnect to ZooKeeper service, session 0x1002c8406e00000 has expired (org.apache.zookeeper.ClientCnxn)
[2020-09-01 11:01:08,790] INFO Unable to reconnect to ZooKeeper service, session 0x1002c8406e00000 has expired, closing socket connection (org.apache.zookeeper.ClientCnxn)
[2020-09-01 11:01:08,776] INFO EventThread shut down for session: 0x1002c8406e00000 (org.apache.zookeeper.ClientCnxn)
[2020-09-01 11:01:08,865] INFO [ZooKeeperClient Kafka server] Session expired. (kafka.zookeeper.ZooKeeperClient)
[2020-09-01 11:01:08,971] INFO [ZooKeeperClient Kafka server] Initializing a new session to localhost:2181. (kafka.zookeeper.ZooKeeperClient)
[2020-09-01 11:01:09,034] INFO Initiating client connection, connectString=localhost:2181 sessionTimeout=18000 watcher=kafka.zookeeper.ZooKeeperClient$ZooKeeperClientWatcher$@2f01783a (org.apache.zookeeper.ZooKeeper)
[2020-09-01 11:01:09,083] INFO jute.maxbuffer value is 4194304 Bytes (org.apache.zookeeper.ClientCnxnSocket)
[2020-09-01 11:01:09,087] INFO zookeeper.request.timeout value is 0. feature enabled= (org.apache.zookeeper.ClientCnxn)
[2020-09-01 11:01:09,295] INFO Opening socket connection to server localhost/127.0.0.1:2181. Will not attempt to authenticate using SASL (unknown error) (org.apache.zookeeper.ClientCnxn)
[2020-09-01 11:01:09,345] INFO Creating /brokers/ids/0 (is it secure? false) (kafka.zk.KafkaZkClient)
[2020-09-01 11:01:09,366] INFO Socket connection established, initiating session, client: /127.0.0.1:65526, server: localhost/127.0.0.1:2181 (org.apache.zookeeper.ClientCnxn)
[2020-09-01 11:01:09,703] INFO Session establishment complete on server localhost/127.0.0.1:2181, sessionid = 0x1002c8406e00001, negotiated timeout = 18000 (org.apache.zookeeper.ClientCnxn)
[2020-09-01 11:01:09,972] INFO Stat of the created znode at /brokers/ids/0 is: 477,477,1598938269957,1598938269957,1,0,0,72106539600576513,200,0,477
 (kafka.zk.KafkaZkClient)
[2020-09-01 11:01:10,264] INFO Registered broker 0 at path /brokers/ids/0 with addresses: ArraySeq(EndPoint(DESKTOP-EHI6LIC,9092,ListenerName(PLAINTEXT),PLAINTEXT)), czxid (broker epoch): 477 (kafka.zk.KafkaZkClient)
[2020-09-01 11:03:20,101] INFO [GroupCoordinator 0]: Member[group.instance.id None, member.id consumer-group_id-1-c5e788ad-8954-46de-b27a-911e4e6b47e2] in group group_id has left, removing it from the group (kafka.coordinator.group.GroupCoordinator)
[2020-09-01 11:03:20,147] INFO [GroupCoordinator 0]: Preparing to rebalance group group_id in state PreparingRebalance with old generation 2 (__consumer_offsets-13) (reason: removing member consumer-group_id-1-c5e788ad-8954-46de-b27a-911e4e6b47e2 on LeaveGroup) (kafka.coordinator.group.GroupCoordinator)
[2020-09-01 11:03:22,034] INFO [GroupCoordinator 0]: Stabilized group group_id generation 3 (__consumer_offsets-13) (kafka.coordinator.group.GroupCoordinator)
[2020-09-01 11:03:22,063] INFO [GroupCoordinator 0]: Assignment received from leader for group group_id for generation 3 (kafka.coordinator.group.GroupCoordinator)
[2020-09-01 11:03:59,255] INFO [GroupCoordinator 0]: Preparing to rebalance group group_id in state PreparingRebalance with old generation 3 (__consumer_offsets-13) (reason: Adding new member consumer-group_id-1-29e7f1a7-e94f-4c1b-b932-b41ce6324efb with group instance id None) (kafka.coordinator.group.GroupCoordinator)
[2020-09-01 11:04:01,267] INFO [GroupCoordinator 0]: Stabilized group group_id generation 4 (__consumer_offsets-13) (kafka.coordinator.group.GroupCoordinator)
[2020-09-01 11:04:01,618] INFO [GroupCoordinator 0]: Assignment received from leader for group group_id for generation 4 (kafka.coordinator.group.GroupCoordinator)
[2020-09-01 11:07:25,607] INFO [GroupCoordinator 0]: Member[group.instance.id None, member.id consumer-group_id-1-b3409465-03aa-46f4-954f-d7bc1c4a0c7c] in group group_id has left, removing it from the group (kafka.coordinator.group.GroupCoordinator)
[2020-09-01 11:07:25,625] INFO [GroupCoordinator 0]: Preparing to rebalance group group_id in state PreparingRebalance with old generation 4 (__consumer_offsets-13) (reason: removing member consumer-group_id-1-b3409465-03aa-46f4-954f-d7bc1c4a0c7c on LeaveGroup) (kafka.coordinator.group.GroupCoordinator)
[2020-09-01 11:07:26,282] INFO [GroupCoordinator 0]: Stabilized group group_id generation 5 (__consumer_offsets-13) (kafka.coordinator.group.GroupCoordinator)
[2020-09-01 11:07:26,379] INFO [GroupCoordinator 0]: Assignment received from leader for group group_id for generation 5 (kafka.coordinator.group.GroupCoordinator)
[2020-09-01 11:08:00,304] INFO [GroupCoordinator 0]: Preparing to rebalance group group_id in state PreparingRebalance with old generation 5 (__consumer_offsets-13) (reason: Adding new member consumer-group_id-1-281bbc90-ce0c-42a1-a4ac-c19234e87e32 with group instance id None) (kafka.coordinator.group.GroupCoordinator)
[2020-09-01 11:08:02,750] INFO [GroupCoordinator 0]: Stabilized group group_id generation 6 (__consumer_offsets-13) (kafka.coordinator.group.GroupCoordinator)
[2020-09-01 11:08:03,056] INFO [GroupCoordinator 0]: Assignment received from leader for group group_id for generation 6 (kafka.coordinator.group.GroupCoordinator)
[2020-09-01 11:08:50,851] INFO [GroupMetadataManager brokerId=0] Removed 0 expired offsets in 7 milliseconds. (kafka.coordinator.group.GroupMetadataManager)
[2020-09-01 11:13:23,919] INFO Socket error occurred: localhost/127.0.0.1:2181: Connection reset (org.apache.zookeeper.ClientCnxn)
